[MainThread, 2019-06-02 10:41:51,661, INFO, START make_thumbnails]
[MainThread, 2019-06-02 10:41:51,661, INFO, beginning image downloads]
[Thread-1, 2019-06-02 10:41:51,662, INFO, downloading image https://dl.dropboxusercontent.com/s/2fu69d8lfesbhru/pexels-photo-48603.jpeg]
[Thread-2, 2019-06-02 10:41:51,662, INFO, downloading image https://dl.dropboxusercontent.com/s/zch88m6sb8a7bm1/pexels-photo-134392.jpeg]
[Thread-3, 2019-06-02 10:41:51,666, INFO, downloading image https://dl.dropboxusercontent.com/s/lsr6dxw5m2ep5qt/pexels-photo-135130.jpeg]
[Thread-4, 2019-06-02 10:41:51,666, INFO, downloading image https://dl.dropboxusercontent.com/s/6xinfm0lcnbirb9/pexels-photo-167300.jpeg]
[Thread-5, 2019-06-02 10:41:52,525, INFO, downloading image https://dl.dropboxusercontent.com/s/2dp2hli32h9p0y6/pexels-photo-167921.jpeg]
[Thread-6, 2019-06-02 10:41:52,526, INFO, downloading image https://dl.dropboxusercontent.com/s/fjb1m3grcrceqo2/pexels-photo-173125.jpeg]
[Thread-7, 2019-06-02 10:41:52,528, INFO, downloading image https://dl.dropboxusercontent.com/s/56u8p4oplagc4bp/pexels-photo-185934.jpeg]
[Thread-8, 2019-06-02 10:41:52,538, INFO, downloading image https://dl.dropboxusercontent.com/s/2s1x7wz4sdvxssr/pexels-photo-192454.jpeg]
[Thread-9, 2019-06-02 10:41:53,343, INFO, downloading image https://dl.dropboxusercontent.com/s/1gjphqnllzm10hh/pexels-photo-193038.jpeg]
[Thread-10, 2019-06-02 10:41:53,345, INFO, downloading image https://dl.dropboxusercontent.com/s/pcjz40c8pxpy057/pexels-photo-193043.jpeg]
[Thread-11, 2019-06-02 10:41:53,371, INFO, downloading image https://dl.dropboxusercontent.com/s/hokdfk7y8zmwe96/pexels-photo-207962.jpeg]
[Thread-12, 2019-06-02 10:41:53,413, INFO, downloading image https://dl.dropboxusercontent.com/s/k2tk2co7r18juy7/pexels-photo-247917.jpeg]
[Thread-13, 2019-06-02 10:41:54,157, INFO, downloading image https://dl.dropboxusercontent.com/s/m4xjekvqk4rksbx/pexels-photo-247932.jpeg]
[Thread-14, 2019-06-02 10:41:54,164, INFO, downloading image https://dl.dropboxusercontent.com/s/znmswtwhcdbpc10/pexels-photo-265186.jpeg]
[Thread-15, 2019-06-02 10:41:54,164, INFO, downloading image https://dl.dropboxusercontent.com/s/jgb6n4esquhh4gu/pexels-photo-302899.jpeg]
[Thread-16, 2019-06-02 10:41:54,167, INFO, downloading image https://dl.dropboxusercontent.com/s/rjuggi2ubc1b3bk/pexels-photo-317156.jpeg]
[Thread-17, 2019-06-02 10:41:54,982, INFO, downloading image https://dl.dropboxusercontent.com/s/cpaog2nwplilrz9/pexels-photo-317383.jpeg]
[Thread-18, 2019-06-02 10:41:54,985, INFO, downloading image https://dl.dropboxusercontent.com/s/16x2b6ruk18gji5/pexels-photo-320007.jpeg]
[Thread-19, 2019-06-02 10:41:54,992, INFO, downloading image https://dl.dropboxusercontent.com/s/xqzqzjkcwl52en0/pexels-photo-322207.jpeg]
[Thread-20, 2019-06-02 10:41:54,993, INFO, downloading image https://dl.dropboxusercontent.com/s/frclthpd7t8exma/pexels-photo-323503.jpeg]
[Thread-21, 2019-06-02 10:41:55,795, INFO, downloading image https://dl.dropboxusercontent.com/s/7ixez07vnc3jeyg/pexels-photo-324030.jpeg]
[Thread-23, 2019-06-02 10:41:55,802, INFO, downloading image https://dl.dropboxusercontent.com/s/v1b03d940lop05d/pexels-photo-324658.jpeg]
[Thread-22, 2019-06-02 10:41:55,803, INFO, downloading image https://dl.dropboxusercontent.com/s/1xlgrfy861nyhox/pexels-photo-324655.jpeg]
[Thread-24, 2019-06-02 10:41:55,811, INFO, downloading image https://dl.dropboxusercontent.com/s/ehrm5clkucbhvi4/pexels-photo-325520.jpeg]
[Thread-25, 2019-06-02 10:41:56,618, INFO, downloading image https://dl.dropboxusercontent.com/s/l7ga4ea98hfl49b/pexels-photo-333529.jpeg]
[Thread-26, 2019-06-02 10:41:56,621, INFO, downloading image https://dl.dropboxusercontent.com/s/rleff9tx000k19j/pexels-photo-341520.jpeg]
[MainThread, 2019-06-02 10:41:57,438, INFO, downloaded 26 images in 5.776249117999669 seconds]
[MainThread, 2019-06-02 10:41:57,440, INFO, END make_thumbnails in 5.778225997999925 seconds]
[MainThread, 2019-06-02 10:43:03,684, INFO, START make_thumbnails]
[MainThread, 2019-06-02 10:43:03,684, INFO, beginning image downloads]
[Thread-1, 2019-06-02 10:43:03,684, INFO, downloading image https://dl.dropboxusercontent.com/s/2fu69d8lfesbhru/pexels-photo-48603.jpeg]
[Thread-2, 2019-06-02 10:43:03,685, INFO, downloading image https://dl.dropboxusercontent.com/s/zch88m6sb8a7bm1/pexels-photo-134392.jpeg]
[Thread-3, 2019-06-02 10:43:03,691, INFO, downloading image https://dl.dropboxusercontent.com/s/lsr6dxw5m2ep5qt/pexels-photo-135130.jpeg]
[Thread-4, 2019-06-02 10:43:03,691, INFO, downloading image https://dl.dropboxusercontent.com/s/6xinfm0lcnbirb9/pexels-photo-167300.jpeg]
[Thread-5, 2019-06-02 10:43:04,516, INFO, downloading image https://dl.dropboxusercontent.com/s/2dp2hli32h9p0y6/pexels-photo-167921.jpeg]
[Thread-6, 2019-06-02 10:43:04,521, INFO, downloading image https://dl.dropboxusercontent.com/s/fjb1m3grcrceqo2/pexels-photo-173125.jpeg]
[Thread-7, 2019-06-02 10:43:04,523, INFO, downloading image https://dl.dropboxusercontent.com/s/56u8p4oplagc4bp/pexels-photo-185934.jpeg]
[Thread-8, 2019-06-02 10:43:04,642, INFO, downloading image https://dl.dropboxusercontent.com/s/2s1x7wz4sdvxssr/pexels-photo-192454.jpeg]
[Thread-9, 2019-06-02 10:43:05,332, INFO, downloading image https://dl.dropboxusercontent.com/s/1gjphqnllzm10hh/pexels-photo-193038.jpeg]
[Thread-10, 2019-06-02 10:43:05,332, INFO, downloading image https://dl.dropboxusercontent.com/s/pcjz40c8pxpy057/pexels-photo-193043.jpeg]
[Thread-11, 2019-06-02 10:43:05,379, INFO, downloading image https://dl.dropboxusercontent.com/s/hokdfk7y8zmwe96/pexels-photo-207962.jpeg]
[Thread-12, 2019-06-02 10:43:05,465, INFO, downloading image https://dl.dropboxusercontent.com/s/k2tk2co7r18juy7/pexels-photo-247917.jpeg]
[Thread-13, 2019-06-02 10:43:06,148, INFO, downloading image https://dl.dropboxusercontent.com/s/m4xjekvqk4rksbx/pexels-photo-247932.jpeg]
[Thread-14, 2019-06-02 10:43:06,151, INFO, downloading image https://dl.dropboxusercontent.com/s/znmswtwhcdbpc10/pexels-photo-265186.jpeg]
[Thread-15, 2019-06-02 10:43:06,153, INFO, downloading image https://dl.dropboxusercontent.com/s/jgb6n4esquhh4gu/pexels-photo-302899.jpeg]
[Thread-16, 2019-06-02 10:43:06,289, INFO, downloading image https://dl.dropboxusercontent.com/s/rjuggi2ubc1b3bk/pexels-photo-317156.jpeg]
[Thread-17, 2019-06-02 10:43:06,970, INFO, downloading image https://dl.dropboxusercontent.com/s/cpaog2nwplilrz9/pexels-photo-317383.jpeg]
[Thread-18, 2019-06-02 10:43:07,002, INFO, downloading image https://dl.dropboxusercontent.com/s/16x2b6ruk18gji5/pexels-photo-320007.jpeg]
[Thread-19, 2019-06-02 10:43:07,041, INFO, downloading image https://dl.dropboxusercontent.com/s/xqzqzjkcwl52en0/pexels-photo-322207.jpeg]
[Thread-20, 2019-06-02 10:43:07,064, INFO, downloading image https://dl.dropboxusercontent.com/s/frclthpd7t8exma/pexels-photo-323503.jpeg]
[Thread-21, 2019-06-02 10:43:07,792, INFO, downloading image https://dl.dropboxusercontent.com/s/7ixez07vnc3jeyg/pexels-photo-324030.jpeg]
[Thread-23, 2019-06-02 10:43:07,799, INFO, downloading image https://dl.dropboxusercontent.com/s/v1b03d940lop05d/pexels-photo-324658.jpeg]
[Thread-22, 2019-06-02 10:43:07,800, INFO, downloading image https://dl.dropboxusercontent.com/s/1xlgrfy861nyhox/pexels-photo-324655.jpeg]
[Thread-24, 2019-06-02 10:43:07,801, INFO, downloading image https://dl.dropboxusercontent.com/s/ehrm5clkucbhvi4/pexels-photo-325520.jpeg]
[Thread-25, 2019-06-02 10:43:08,506, INFO, downloading image https://dl.dropboxusercontent.com/s/l7ga4ea98hfl49b/pexels-photo-333529.jpeg]
[Thread-26, 2019-06-02 10:43:08,541, INFO, downloading image https://dl.dropboxusercontent.com/s/rleff9tx000k19j/pexels-photo-341520.jpeg]
[MainThread, 2019-06-02 10:43:09,429, INFO, downloaded 26 images in 5.745121761000064 seconds]
[MainThread, 2019-06-02 10:43:09,430, INFO, END make_thumbnails in 5.745683287999782 seconds]
[MainThread, 2019-06-02 10:44:08,365, INFO, START make_thumbnails]
[MainThread, 2019-06-02 10:44:08,365, INFO, beginning image downloads]
[Thread-1, 2019-06-02 10:44:08,365, INFO, downloading image https://dl.dropboxusercontent.com/s/2fu69d8lfesbhru/pexels-photo-48603.jpeg]
[Thread-2, 2019-06-02 10:44:08,365, INFO, downloading image https://dl.dropboxusercontent.com/s/zch88m6sb8a7bm1/pexels-photo-134392.jpeg]
[Thread-3, 2019-06-02 10:44:08,369, INFO, downloading image https://dl.dropboxusercontent.com/s/lsr6dxw5m2ep5qt/pexels-photo-135130.jpeg]
[Thread-4, 2019-06-02 10:44:08,370, INFO, downloading image https://dl.dropboxusercontent.com/s/6xinfm0lcnbirb9/pexels-photo-167300.jpeg]
[Thread-1, 2019-06-02 10:44:09,393, INFO, image saved to ./incoming/pexels-photo-48603.jpeg]
[Thread-5, 2019-06-02 10:44:09,393, INFO, downloading image https://dl.dropboxusercontent.com/s/2dp2hli32h9p0y6/pexels-photo-167921.jpeg]
[Thread-3, 2019-06-02 10:44:09,440, INFO, image saved to ./incoming/pexels-photo-135130.jpeg]
[Thread-6, 2019-06-02 10:44:09,441, INFO, downloading image https://dl.dropboxusercontent.com/s/fjb1m3grcrceqo2/pexels-photo-173125.jpeg]
[Thread-2, 2019-06-02 10:44:09,495, INFO, image saved to ./incoming/pexels-photo-134392.jpeg]
[Thread-7, 2019-06-02 10:44:09,495, INFO, downloading image https://dl.dropboxusercontent.com/s/56u8p4oplagc4bp/pexels-photo-185934.jpeg]
[Thread-4, 2019-06-02 10:44:09,507, INFO, image saved to ./incoming/pexels-photo-167300.jpeg]
[Thread-8, 2019-06-02 10:44:09,507, INFO, downloading image https://dl.dropboxusercontent.com/s/2s1x7wz4sdvxssr/pexels-photo-192454.jpeg]
[Thread-7, 2019-06-02 10:44:10,278, INFO, image saved to ./incoming/pexels-photo-185934.jpeg]
[Thread-9, 2019-06-02 10:44:10,279, INFO, downloading image https://dl.dropboxusercontent.com/s/1gjphqnllzm10hh/pexels-photo-193038.jpeg]
[Thread-6, 2019-06-02 10:44:10,371, INFO, image saved to ./incoming/pexels-photo-173125.jpeg]
[Thread-10, 2019-06-02 10:44:10,371, INFO, downloading image https://dl.dropboxusercontent.com/s/pcjz40c8pxpy057/pexels-photo-193043.jpeg]
[Thread-8, 2019-06-02 10:44:10,422, INFO, image saved to ./incoming/pexels-photo-192454.jpeg]
[Thread-11, 2019-06-02 10:44:10,423, INFO, downloading image https://dl.dropboxusercontent.com/s/hokdfk7y8zmwe96/pexels-photo-207962.jpeg]
[Thread-5, 2019-06-02 10:44:10,425, INFO, image saved to ./incoming/pexels-photo-167921.jpeg]
[Thread-12, 2019-06-02 10:44:10,425, INFO, downloading image https://dl.dropboxusercontent.com/s/k2tk2co7r18juy7/pexels-photo-247917.jpeg]
[Thread-11, 2019-06-02 10:44:11,258, INFO, image saved to ./incoming/pexels-photo-207962.jpeg]
[Thread-13, 2019-06-02 10:44:11,259, INFO, downloading image https://dl.dropboxusercontent.com/s/m4xjekvqk4rksbx/pexels-photo-247932.jpeg]
[Thread-10, 2019-06-02 10:44:11,381, INFO, image saved to ./incoming/pexels-photo-193043.jpeg]
[Thread-14, 2019-06-02 10:44:11,381, INFO, downloading image https://dl.dropboxusercontent.com/s/znmswtwhcdbpc10/pexels-photo-265186.jpeg]
[Thread-9, 2019-06-02 10:44:11,392, INFO, image saved to ./incoming/pexels-photo-193038.jpeg]
[Thread-15, 2019-06-02 10:44:11,392, INFO, downloading image https://dl.dropboxusercontent.com/s/jgb6n4esquhh4gu/pexels-photo-302899.jpeg]
[Thread-12, 2019-06-02 10:44:11,594, INFO, image saved to ./incoming/pexels-photo-247917.jpeg]
[Thread-16, 2019-06-02 10:44:11,594, INFO, downloading image https://dl.dropboxusercontent.com/s/rjuggi2ubc1b3bk/pexels-photo-317156.jpeg]
[Thread-13, 2019-06-02 10:44:12,307, INFO, image saved to ./incoming/pexels-photo-247932.jpeg]
[Thread-17, 2019-06-02 10:44:12,307, INFO, downloading image https://dl.dropboxusercontent.com/s/cpaog2nwplilrz9/pexels-photo-317383.jpeg]
[Thread-14, 2019-06-02 10:44:12,356, INFO, image saved to ./incoming/pexels-photo-265186.jpeg]
[Thread-18, 2019-06-02 10:44:12,356, INFO, downloading image https://dl.dropboxusercontent.com/s/16x2b6ruk18gji5/pexels-photo-320007.jpeg]
[Thread-15, 2019-06-02 10:44:12,427, INFO, image saved to ./incoming/pexels-photo-302899.jpeg]
[Thread-19, 2019-06-02 10:44:12,428, INFO, downloading image https://dl.dropboxusercontent.com/s/xqzqzjkcwl52en0/pexels-photo-322207.jpeg]
[Thread-16, 2019-06-02 10:44:12,787, INFO, image saved to ./incoming/pexels-photo-317156.jpeg]
[Thread-20, 2019-06-02 10:44:12,788, INFO, downloading image https://dl.dropboxusercontent.com/s/frclthpd7t8exma/pexels-photo-323503.jpeg]
[Thread-18, 2019-06-02 10:44:13,392, INFO, image saved to ./incoming/pexels-photo-320007.jpeg]
[Thread-21, 2019-06-02 10:44:13,393, INFO, downloading image https://dl.dropboxusercontent.com/s/7ixez07vnc3jeyg/pexels-photo-324030.jpeg]
[Thread-20, 2019-06-02 10:44:13,658, INFO, image saved to ./incoming/pexels-photo-323503.jpeg]
[Thread-22, 2019-06-02 10:44:13,658, INFO, downloading image https://dl.dropboxusercontent.com/s/1xlgrfy861nyhox/pexels-photo-324655.jpeg]
[Thread-19, 2019-06-02 10:44:13,979, INFO, image saved to ./incoming/pexels-photo-322207.jpeg]
[Thread-23, 2019-06-02 10:44:13,979, INFO, downloading image https://dl.dropboxusercontent.com/s/v1b03d940lop05d/pexels-photo-324658.jpeg]
[Thread-17, 2019-06-02 10:44:14,262, INFO, image saved to ./incoming/pexels-photo-317383.jpeg]
[Thread-24, 2019-06-02 10:44:14,262, INFO, downloading image https://dl.dropboxusercontent.com/s/ehrm5clkucbhvi4/pexels-photo-325520.jpeg]
[Thread-21, 2019-06-02 10:44:14,338, INFO, image saved to ./incoming/pexels-photo-324030.jpeg]
[Thread-25, 2019-06-02 10:44:14,338, INFO, downloading image https://dl.dropboxusercontent.com/s/l7ga4ea98hfl49b/pexels-photo-333529.jpeg]
[Thread-22, 2019-06-02 10:44:14,652, INFO, image saved to ./incoming/pexels-photo-324655.jpeg]
[Thread-26, 2019-06-02 10:44:14,653, INFO, downloading image https://dl.dropboxusercontent.com/s/rleff9tx000k19j/pexels-photo-341520.jpeg]
[Thread-23, 2019-06-02 10:44:15,062, INFO, image saved to ./incoming/pexels-photo-324658.jpeg]
[Thread-25, 2019-06-02 10:44:15,270, INFO, image saved to ./incoming/pexels-photo-333529.jpeg]
[Thread-24, 2019-06-02 10:44:15,303, INFO, image saved to ./incoming/pexels-photo-325520.jpeg]
[Thread-26, 2019-06-02 10:44:15,639, INFO, image saved to ./incoming/pexels-photo-341520.jpeg]
[MainThread, 2019-06-02 10:44:15,639, INFO, downloaded 26 images in 7.274501117999989 seconds]
[MainThread, 2019-06-02 10:44:15,640, INFO, END make_thumbnails in 7.274912864999806 seconds]
[MainThread, 2019-06-02 11:33:46,632, INFO, START make_thumbnails]
[Thread-1, 2019-06-02 11:33:46,633, INFO, beginning image downloads]
[Thread-2, 2019-06-02 11:33:46,633, INFO, beginning image resizing]
[Thread-1, 2019-06-02 11:34:13,589, INFO, downloaded 26 images in 26.955948837000506 seconds]
[MainThread, 2019-06-02 11:34:13,591, INFO, END make_thumbnails in 26.95808580799985 seconds]
[MainThread, 2019-06-02 11:34:52,312, INFO, START make_thumbnails]
[Thread-1, 2019-06-02 11:34:52,313, INFO, beginning image downloads]
[Thread-2, 2019-06-02 11:34:52,314, INFO, beginning image resizing]
[Thread-1, 2019-06-02 11:35:19,322, INFO, downloaded 26 images in 27.009106630000133 seconds]
[Thread-2, 2019-06-02 11:35:19,322, INFO, created 26 thumbnails in 27.007470067000213 seconds]
[MainThread, 2019-06-02 11:49:06,039, INFO] START make_thumbnails
[Thread-5, 2019-06-02 11:49:06,043, INFO] beginning image resizing
[Thread-5, 2019-06-02 11:49:06,898, INFO] resizing image pexels-photo-48603.jpeg
[Thread-5, 2019-06-02 11:49:07,095, INFO] done resizing image pexels-photo-48603.jpeg
[Thread-5, 2019-06-02 11:49:07,095, INFO] resizing image pexels-photo-135130.jpeg
[Thread-5, 2019-06-02 11:49:07,165, INFO] done resizing image pexels-photo-135130.jpeg
[Thread-5, 2019-06-02 11:49:07,165, INFO] resizing image pexels-photo-167300.jpeg
[Thread-5, 2019-06-02 11:49:07,251, INFO] done resizing image pexels-photo-167300.jpeg
[Thread-5, 2019-06-02 11:49:07,510, INFO] resizing image pexels-photo-134392.jpeg
[Thread-5, 2019-06-02 11:49:07,606, INFO] done resizing image pexels-photo-134392.jpeg
[Thread-5, 2019-06-02 11:49:07,789, INFO] resizing image pexels-photo-185934.jpeg
[Thread-5, 2019-06-02 11:49:07,815, INFO] done resizing image pexels-photo-185934.jpeg
[Thread-5, 2019-06-02 11:49:07,892, INFO] resizing image pexels-photo-173125.jpeg
[Thread-5, 2019-06-02 11:49:07,947, INFO] done resizing image pexels-photo-173125.jpeg
[Thread-5, 2019-06-02 11:49:07,947, INFO] resizing image pexels-photo-167921.jpeg
[Thread-5, 2019-06-02 11:49:08,060, INFO] done resizing image pexels-photo-167921.jpeg
[Thread-5, 2019-06-02 11:49:08,737, INFO] resizing image pexels-photo-207962.jpeg
[Thread-5, 2019-06-02 11:49:08,758, INFO] done resizing image pexels-photo-207962.jpeg
[Thread-5, 2019-06-02 11:49:08,815, INFO] resizing image pexels-photo-192454.jpeg
[Thread-5, 2019-06-02 11:49:08,925, INFO] done resizing image pexels-photo-192454.jpeg
[Thread-5, 2019-06-02 11:49:08,973, INFO] resizing image pexels-photo-193043.jpeg
[Thread-5, 2019-06-02 11:49:09,098, INFO] done resizing image pexels-photo-193043.jpeg
[Thread-5, 2019-06-02 11:49:09,098, INFO] resizing image pexels-photo-193038.jpeg
[Thread-5, 2019-06-02 11:49:09,201, INFO] done resizing image pexels-photo-193038.jpeg
[Thread-5, 2019-06-02 11:49:09,715, INFO] resizing image pexels-photo-247917.jpeg
[Thread-5, 2019-06-02 11:49:09,785, INFO] done resizing image pexels-photo-247917.jpeg
[Thread-5, 2019-06-02 11:49:09,816, INFO] resizing image pexels-photo-265186.jpeg
[Thread-5, 2019-06-02 11:49:09,900, INFO] done resizing image pexels-photo-265186.jpeg
[Thread-5, 2019-06-02 11:49:09,900, INFO] resizing image pexels-photo-247932.jpeg
[Thread-5, 2019-06-02 11:49:10,014, INFO] done resizing image pexels-photo-247932.jpeg
[Thread-5, 2019-06-02 11:49:10,014, INFO] resizing image pexels-photo-302899.jpeg
[Thread-5, 2019-06-02 11:49:10,136, INFO] done resizing image pexels-photo-302899.jpeg
[Thread-5, 2019-06-02 11:49:10,691, INFO] resizing image pexels-photo-317156.jpeg
[Thread-5, 2019-06-02 11:49:10,790, INFO] done resizing image pexels-photo-317156.jpeg
[Thread-5, 2019-06-02 11:49:10,791, INFO] resizing image pexels-photo-320007.jpeg
[Thread-5, 2019-06-02 11:49:10,869, INFO] done resizing image pexels-photo-320007.jpeg
[Thread-5, 2019-06-02 11:49:10,885, INFO] resizing image pexels-photo-317383.jpeg
[Thread-5, 2019-06-02 11:49:11,013, INFO] done resizing image pexels-photo-317383.jpeg
[Thread-5, 2019-06-02 11:49:11,013, INFO] resizing image pexels-photo-322207.jpeg
[Thread-5, 2019-06-02 11:49:11,110, INFO] done resizing image pexels-photo-322207.jpeg
[Thread-5, 2019-06-02 11:49:11,613, INFO] resizing image pexels-photo-323503.jpeg
[Thread-5, 2019-06-02 11:49:11,715, INFO] done resizing image pexels-photo-323503.jpeg
[Thread-5, 2019-06-02 11:49:11,715, INFO] resizing image pexels-photo-324030.jpeg
[Thread-5, 2019-06-02 11:49:11,794, INFO] done resizing image pexels-photo-324030.jpeg
[Thread-5, 2019-06-02 11:49:11,794, INFO] resizing image pexels-photo-324655.jpeg
[Thread-5, 2019-06-02 11:49:11,856, INFO] done resizing image pexels-photo-324655.jpeg
[Thread-5, 2019-06-02 11:49:12,274, INFO] resizing image pexels-photo-324658.jpeg
[Thread-5, 2019-06-02 11:49:12,369, INFO] done resizing image pexels-photo-324658.jpeg
[Thread-5, 2019-06-02 11:49:12,529, INFO] resizing image pexels-photo-333529.jpeg
[Thread-5, 2019-06-02 11:49:12,604, INFO] done resizing image pexels-photo-333529.jpeg
[Thread-5, 2019-06-02 11:49:12,604, INFO] resizing image pexels-photo-325520.jpeg
[Thread-5, 2019-06-02 11:49:12,700, INFO] done resizing image pexels-photo-325520.jpeg
[Thread-5, 2019-06-02 11:49:13,543, INFO] resizing image pexels-photo-341520.jpeg
[Thread-5, 2019-06-02 11:49:13,637, INFO] done resizing image pexels-photo-341520.jpeg
[Thread-5, 2019-06-02 11:49:13,637, INFO] created 26 thumbnails in 7.593077327999708 seconds
[MainThread, 2019-06-02 11:49:13,637, INFO] END make_thumbnails in 7.597989883999617 seconds
[MainThread, 2019-06-02 11:50:20,310, INFO] START make_thumbnails
[Thread-5, 2019-06-02 11:50:20,319, INFO] beginning image resizing
[Thread-5, 2019-06-02 11:50:21,191, INFO] resizing image pexels-photo-48603.jpeg
[Thread-5, 2019-06-02 11:50:21,267, INFO] done resizing image pexels-photo-48603.jpeg
[Thread-5, 2019-06-02 11:50:21,267, INFO] resizing image pexels-photo-134392.jpeg
[Thread-5, 2019-06-02 11:50:21,386, INFO] done resizing image pexels-photo-134392.jpeg
[Thread-5, 2019-06-02 11:50:21,386, INFO] resizing image pexels-photo-135130.jpeg
[Thread-5, 2019-06-02 11:50:21,466, INFO] done resizing image pexels-photo-135130.jpeg
[Thread-5, 2019-06-02 11:50:21,466, INFO] resizing image pexels-photo-167300.jpeg
[Thread-5, 2019-06-02 11:50:21,570, INFO] done resizing image pexels-photo-167300.jpeg
[Thread-5, 2019-06-02 11:50:22,074, INFO] resizing image pexels-photo-185934.jpeg
[Thread-5, 2019-06-02 11:50:22,101, INFO] done resizing image pexels-photo-185934.jpeg
[Thread-5, 2019-06-02 11:50:22,195, INFO] resizing image pexels-photo-173125.jpeg
[Thread-5, 2019-06-02 11:50:22,250, INFO] done resizing image pexels-photo-173125.jpeg
[Thread-5, 2019-06-02 11:50:22,409, INFO] resizing image pexels-photo-192454.jpeg
[Thread-5, 2019-06-02 11:50:22,518, INFO] done resizing image pexels-photo-192454.jpeg
[Thread-5, 2019-06-02 11:50:22,615, INFO] resizing image pexels-photo-167921.jpeg
[Thread-5, 2019-06-02 11:50:22,736, INFO] done resizing image pexels-photo-167921.jpeg
[Thread-5, 2019-06-02 11:50:23,067, INFO] resizing image pexels-photo-193038.jpeg
[Thread-5, 2019-06-02 11:50:23,188, INFO] done resizing image pexels-photo-193038.jpeg
[Thread-5, 2019-06-02 11:50:23,189, INFO] resizing image pexels-photo-193043.jpeg
[Thread-5, 2019-06-02 11:50:23,298, INFO] done resizing image pexels-photo-193043.jpeg
[Thread-5, 2019-06-02 11:50:23,298, INFO] resizing image pexels-photo-207962.jpeg
[Thread-5, 2019-06-02 11:50:23,317, INFO] done resizing image pexels-photo-207962.jpeg
[Thread-5, 2019-06-02 11:50:23,711, INFO] resizing image pexels-photo-247917.jpeg
[Thread-5, 2019-06-02 11:50:23,772, INFO] done resizing image pexels-photo-247917.jpeg
[Thread-5, 2019-06-02 11:50:24,165, INFO] resizing image pexels-photo-265186.jpeg
[Thread-5, 2019-06-02 11:50:24,242, INFO] done resizing image pexels-photo-265186.jpeg
[Thread-5, 2019-06-02 11:50:24,242, INFO] resizing image pexels-photo-247932.jpeg
[Thread-5, 2019-06-02 11:50:24,341, INFO] done resizing image pexels-photo-247932.jpeg
[Thread-5, 2019-06-02 11:50:24,341, INFO] resizing image pexels-photo-302899.jpeg
[Thread-5, 2019-06-02 11:50:24,454, INFO] done resizing image pexels-photo-302899.jpeg
[Thread-5, 2019-06-02 11:50:24,644, INFO] resizing image pexels-photo-317156.jpeg
[Thread-5, 2019-06-02 11:50:24,738, INFO] done resizing image pexels-photo-317156.jpeg
[Thread-5, 2019-06-02 11:50:24,994, INFO] resizing image pexels-photo-320007.jpeg
[Thread-5, 2019-06-02 11:50:25,059, INFO] done resizing image pexels-photo-320007.jpeg
[Thread-5, 2019-06-02 11:50:25,310, INFO] resizing image pexels-photo-317383.jpeg
[Thread-5, 2019-06-02 11:50:25,441, INFO] done resizing image pexels-photo-317383.jpeg
[Thread-5, 2019-06-02 11:50:25,441, INFO] resizing image pexels-photo-322207.jpeg
[Thread-5, 2019-06-02 11:50:25,546, INFO] done resizing image pexels-photo-322207.jpeg
[Thread-5, 2019-06-02 11:50:25,566, INFO] resizing image pexels-photo-323503.jpeg
[Thread-5, 2019-06-02 11:50:25,662, INFO] done resizing image pexels-photo-323503.jpeg
[Thread-5, 2019-06-02 11:50:25,899, INFO] resizing image pexels-photo-324030.jpeg
[Thread-5, 2019-06-02 11:50:25,983, INFO] done resizing image pexels-photo-324030.jpeg
[Thread-5, 2019-06-02 11:50:26,819, INFO] resizing image pexels-photo-324658.jpeg
[Thread-5, 2019-06-02 11:50:26,942, INFO] done resizing image pexels-photo-324658.jpeg
[Thread-5, 2019-06-02 11:50:26,942, INFO] resizing image pexels-photo-325520.jpeg
[Thread-5, 2019-06-02 11:50:27,070, INFO] done resizing image pexels-photo-325520.jpeg
[Thread-5, 2019-06-02 11:50:27,070, INFO] resizing image pexels-photo-324655.jpeg
[Thread-5, 2019-06-02 11:50:27,138, INFO] done resizing image pexels-photo-324655.jpeg
[Thread-5, 2019-06-02 11:50:27,649, INFO] resizing image pexels-photo-333529.jpeg
[Thread-5, 2019-06-02 11:50:27,727, INFO] done resizing image pexels-photo-333529.jpeg
[Thread-5, 2019-06-02 11:50:27,788, INFO] resizing image pexels-photo-341520.jpeg
[Thread-5, 2019-06-02 11:50:27,886, INFO] done resizing image pexels-photo-341520.jpeg
[Thread-5, 2019-06-02 11:50:27,886, INFO] created 0 thumbnails in 7.566100013000323 seconds
[MainThread, 2019-06-02 11:50:27,886, INFO] END make_thumbnails in 7.575453164999999 seconds
